build/app/outputs/mapping/release/seeds.txt
com.example.bit_store.MainActivity: MainActivity()
com.example.bit_store.MainActivity
...
androidx.window.R$styleable: int SplitPairFilter_secondaryActivityName
io.flutter.embedding.engine.FlutterJNI: void setDeferredComponentManager(io.flutter.embedding.engine.deferredcomponents.DeferredComponentManager)
androidx.window.core.Version$Companion: Version$Companion(kotlin.jvm.internal.DefaultConstructorMarker)
androidx.window.R$id: int locale
androidx.window.embedding.SplitPairRule: boolean finishSecondaryWithPrimary
androidx.window.R$styleable: int ActivityRule_alwaysExpand
androidx.window.layout.SidecarWindowBackend
androidx.window.layout.FoldingFeature: boolean isSeparating()
androidx.window.R$attr: int alwaysExpand
androidx.window.layout.SidecarAdapter$Companion: void setSidecarDisplayFeatures(androidx.window.sidecar.SidecarWindowLayoutInfo,java.util.List)
androidx.window.layout.WindowInfoTracker$Companion
io.flutter.embedding.engine.renderer.SurfaceTextureWrapper: boolean released
io.flutter.embedding.engine.FlutterJNI: boolean nativeFlutterTextUtilsIsEmoji(int)
io.flutter.embedding.engine.FlutterJNI: void setAccessibilityDelegate(io.flutter.embedding.engine.FlutterJNI$AccessibilityDelegate)
io.flutter.embedding.engine.FlutterJNI: void runBundleAndSnapshotFromLibrary(java.lang.String,java.lang.String,java.lang.String,android.content.res.AssetManager,java.util.List)
io.flutter.embedding.engine.FlutterJNI: void onDisplayOverlaySurface(int,int,int,int,int)
androidx.window.embedding.SplitPlaceholderRule: android.content.Intent placeholderIntent
androidx.window.layout.WindowMetricsCalculator$Companion$overrideDecorator$1
androidx.window.layout.SidecarAdapter: androidx.window.layout.WindowLayoutInfo translate(androidx.window.sidecar.SidecarWindowLayoutInfo,androidx.window.sidecar.SidecarDeviceState)
androidx.window.layout.WindowMetricsCalculatorDecorator
androidx.window.embedding.ExtensionEmbeddingBackend: androidx.window.embedding.EmbeddingInterfaceCompat getEmbeddingExtension()
androidx.window.R$styleable: int SplitPlaceholderRule_splitLayoutDirection
androidx.window.R$attr: int splitRatio
io.flutter.embedding.engine.renderer.SurfaceTextureWrapper: android.graphics.SurfaceTexture surfaceTexture()
androidx.window.layout.HardwareFoldingFeature
androidx.window.java.layout.WindowInfoTrackerCallbackAdapter: kotlinx.coroutines.flow.Flow windowLayoutInfo(android.app.Activity)
androidx.window.java.layout.WindowInfoTrackerCallbackAdapter: androidx.window.layout.WindowInfoTracker tracker
androidx.window.embedding.ExtensionEmbeddingBackend: void registerRule(androidx.window.embedding.EmbeddingRule)
androidx.window.layout.DisplayFeature
androidx.window.layout.SidecarAdapter: boolean isEqualSidecarDisplayFeatures(java.util.List,java.util.List)
androidx.window.embedding.EmbeddingAdapter: boolean translateActivityPairPredicates$lambda-1(androidx.window.embedding.EmbeddingAdapter,java.util.Set,android.util.Pair)
io.flutter.embedding.engine.systemchannels.PlatformChannel$ClipboardContentFormat: io.flutter.embedding.engine.systemchannels.PlatformChannel$ClipboardContentFormat[] values()
kotlin.jvm.internal.CallableReference: kotlin.reflect.KCallable computeReflected()
androidx.window.embedding.SplitInfo: boolean contains(android.app.Activity)
androidx.window.embedding.EmbeddingCompat: void setEmbeddingCallback(androidx.window.embedding.EmbeddingInterfaceCompat$EmbeddingCallbackInterface)
androidx.versionedparcelable.CustomVersionedParcelable
androidx.window.layout.WindowMetricsCalculator$Companion: androidx.window.layout.WindowMetricsCalculator$Companion $$INSTANCE
io.flutter.embedding.engine.FlutterJNI: void requestDartDeferredLibrary(int)
androidx.window.embedding.ExtensionEmbeddingBackend$EmbeddingCallbackImpl: ExtensionEmbeddingBackend$EmbeddingCallbackImpl(androidx.window.embedding.ExtensionEmbeddingBackend)
androidx.window.embedding.SplitPairRule: boolean getClearTop()
io.flutter.view.AccessibilityBridge$Action: io.flutter.view.AccessibilityBridge$Action valueOf(java.lang.String)