build/app/outputs/mapping/release/mapping.txt
# compiler: R8
# compiler_version: 2.1.62
# min_api: 16
# pg_map_id: 2715f7f
# common_typos_disable
...
io.flutter.embedding.engine.FlutterEngineConnectionRegistry$FlutterEngineServicePluginBinding -> io.flutter.embedding.engine.d$f:
io.flutter.embedding.engine.FlutterJNI -> io.flutter.embedding.engine.FlutterJNI:
    void lambda$decodeImage$0(long,android.graphics.ImageDecoder,android.graphics.ImageDecoder$ImageInfo,android.graphics.ImageDecoder$Source) -> a
io.flutter.embedding.engine.FlutterJNI$AccessibilityDelegate -> io.flutter.embedding.engine.FlutterJNI$a:
    void updateSemantics(java.nio.ByteBuffer,java.lang.String[],java.nio.ByteBuffer[]) -> a
    void updateCustomAccessibilityActions(java.nio.ByteBuffer,java.lang.String[]) -> b
io.flutter.embedding.engine.FlutterJNI$AsyncWaitForVsyncDelegate -> io.flutter.embedding.engine.FlutterJNI$b:
    void asyncWaitForVsync(long) -> a
io.flutter.embedding.engine.FlutterJNI$Factory -> io.flutter.embedding.engine.FlutterJNI$c:
    io.flutter.embedding.engine.FlutterJNI provideFlutterJNI() -> a
io.flutter.embedding.engine.FlutterShellArgs -> io.flutter.embedding.engine.e:
    java.util.Set args -> a
    io.flutter.embedding.engine.FlutterShellArgs fromIntent(android.content.Intent) -> a
    java.lang.String[] toArray() -> b
io.flutter.embedding.engine.dart.-$$Lambda$DartMessenger$SerialTaskQueue$F0iXMzLdPiwUET1ugdCo3vpOFvI -> io.flutter.embedding.engine.f.a:
    io.flutter.embedding.engine.dart.DartMessenger$SerialTaskQueue f$0 -> d
io.flutter.embedding.engine.dart.-$$Lambda$DartMessenger$SerialTaskQueue$Z_QpOFGAZlPwSj4jhPkDhTfI820 -> io.flutter.embedding.engine.f.b:
    io.flutter.embedding.engine.dart.DartMessenger$SerialTaskQueue f$0 -> d
io.flutter.embedding.engine.dart.-$$Lambda$DartMessenger$TsixYUB5E6FpKhMtCSQVHKE89gQ -> io.flutter.embedding.engine.f.c:
    long f$5 -> i
    io.flutter.embedding.engine.dart.DartMessenger f$0 -> d
    int f$4 -> h
    java.nio.ByteBuffer f$3 -> g
    io.flutter.embedding.engine.dart.DartMessenger$HandlerInfo f$2 -> f
    java.lang.String f$1 -> e
io.flutter.embedding.engine.dart.DartExecutor -> io.flutter.embedding.engine.f.d:
    io.flutter.embedding.engine.FlutterJNI flutterJNI -> a
    io.flutter.embedding.engine.dart.DartExecutor$IsolateServiceIdListener isolateServiceIdListener -> g
    java.lang.String isolateServiceId -> f
    io.flutter.embedding.engine.dart.DartMessenger dartMessenger -> c
    io.flutter.plugin.common.BinaryMessenger$BinaryMessageHandler isolateChannelMessageHandler -> h
    android.content.res.AssetManager assetManager -> b
    boolean isApplicationRunning -> e
    io.flutter.plugin.common.BinaryMessenger binaryMessenger -> d
    io.flutter.plugin.common.BinaryMessenger$TaskQueue makeBackgroundTaskQueue(io.flutter.plugin.common.BinaryMessenger$TaskQueueOptions) -> a
    io.flutter.plugin.common.BinaryMessenger$TaskQueue makeBackgroundTaskQueue() -> b
    void send(java.lang.String,java.nio.ByteBuffer,io.flutter.plugin.common.BinaryMessenger$BinaryReply) -> c
    java.lang.String access$000(io.flutter.embedding.engine.dart.DartExecutor) -> d
    void setMessageHandler(java.lang.String,io.flutter.plugin.common.BinaryMessenger$BinaryMessageHandler) -> e
    void setMessageHandler(java.lang.String,io.flutter.plugin.common.BinaryMessenger$BinaryMessageHandler,io.flutter.plugin.common.BinaryMessenger$TaskQueue) -> f
    java.lang.String access$002(io.flutter.embedding.engine.dart.DartExecutor,java.lang.String) -> g
io.flutter.embedding.engine.dart.DartExecutor$1 -> io.flutter.embedding.engine.f.d$a:
    io.flutter.embedding.engine.dart.DartExecutor this$0 -> a
    void onMessage(java.nio.ByteBuffer,io.flutter.plugin.common.BinaryMessenger$BinaryReply) -> a
io.flutter.embedding.engine.dart.DartExecutor$DartEntrypoint -> io.flutter.embedding.engine.f.d$b:
    java.lang.String pathToBundle -> a
    java.lang.String dartEntrypointFunctionName -> c
    java.lang.String dartEntrypointLibrary -> b