build/app/outputs/mapping/release/usage.txt
com.example.bit_store.R$string
com.example.bit_store.R
com.example.bit_store.R$style
com.example.bit_store.R$dimen
com.example.bit_store.R$drawable
com.example.bit_store.R$integer
com.example.bit_store.R$mipmap
com.example.bit_store.R$xml
com.example.bit_store.R$layout
com.example.bit_store.BuildConfig
com.example.bit_store.R$attr
com.example.bit_store.R$styleable
com.example.bit_store.R$id
com.example.bit_store.R$color
...
kotlin.sequences.SequencesKt__SequencesKt$flatten$1
androidx.core.view.NestedScrollingParent
androidx.fragment.app.ListFragment
kotlin.sequences.SequencesKt___SequencesKt$runningReduceIndexed$1
kotlinx.coroutines.flow.FlowKt__ZipKt$combine$5$1
kotlin.io.FileAlreadyExistsException
kotlinx.coroutines.flow.internal.FlowExceptions_commonKt
com.google.common.collect.DenseImmutableTable$Column
com.google.common.graph.ConfigurableMutableValueGraph
kotlin.io.NoSuchFileException
org.checkerframework.checker.nullness.compatqual.NonNullType
io.flutter.embedding.engine.plugins.lifecycle.FlutterLifecycleAdapter:
    public void <init>()
    private static final java.lang.String TAG
androidx.viewpager.R$dimen
com.google.common.util.concurrent.Callables$3
io.flutter.app.FlutterApplication
com.google.common.collect.ArrayTable$ColumnMap
androidx.core.content.ContextCompat$Api19Impl:
    private void <init>()
com.google.common.reflect.TypeResolver$WildcardCapturer
kotlinx.coroutines.flow.FlowKt__MigrationKt$onErrorReturn$2
org.intellij.lang.annotations.JdkConstants$TitledBorderJustification
kotlinx.coroutines.flow.FlowKt__ZipKt$combineTransform$$inlined$combineTransformUnsafe$FlowKt__ZipKt$3
androidx.loader.content.ModernAsyncTask
com.google.common.base.Predicates$CompositionPredicate
com.google.common.collect.SortedMultisetBridge
androidx.core.view.WindowInsetsCompat$Api21ReflectionHolder
androidx.core.view.accessibility.AccessibilityManagerCompat$AccessibilityStateChangeListener
kotlin.jvm.JvmOverloads
kotlinx.coroutines.ChildJob$DefaultImpls
kotlin.ranges.UIntRange
com.google.common.graph.DirectedGraphConnections$PredAndSucc
org.checkerframework.checker.nullness.compatqual.NullableDecl
androidx.core.view.WindowInsetsCompat$Impl21
com.google.common.collect.MapMakerInternalMap$AbstractStrongKeyEntry
kotlin.ranges.ClosedRange$DefaultImpls
com.google.common.hash.Hashing$Sha256Holder
androidx.core.content.res.GradientColorInflaterCompat$ColorStops
com.google.common.collect.UnmodifiableIterator
com.google.common.cache.LocalCache$WeakEntry
com.google.common.collect.StandardTable$Row$1
com.google.common.collect.AbstractIndexedListIterator
kotlinx.coroutines.ObsoleteCoroutinesApi
com.google.common.util.concurrent.Striped$3
kotlin.contracts.ExperimentalContracts
com.google.common.collect.TreeRangeSet$SubRangeSet
kotlin.StandardKt__StandardKt
androidx.fragment.R$integer
kotlin.math.MathKt__MathHKt
kotlinx.coroutines.flow.FlowKt__BuildersKt$asFlow$$inlined$unsafeFlow$4
kotlin.time.TimedValue
com.google.common.hash.Murmur3_128HashFunction
com.google.common.cache.LocalCache$WeightedWeakValueReference
com.google.common.util.concurrent.ListenerCallQueue$Event
kotlinx.coroutines.channels.ConflatedBroadcastChannel
kotlinx.coroutines.flow.FlowKt__DelayKt$debounceInternal$1
kotlinx.coroutines.flow.FlowKt__TransformKt$map$$inlined$unsafeTransform$1
kotlinx.coroutines.ChildHandle$DefaultImpls
kotlin.jvm.internal.ClassReference$Companion:
    public final java.lang.String getClassQualifiedName(java.lang.Class)
    public final boolean isInstance(java.lang.Object,java.lang.Class)
androidx.core.graphics.drawable.DrawableCompat
com.google.common.base.CharMatcher$BreakingWhitespace
kotlin.reflect.KMutableProperty
kotlin.sequences.SequencesKt___SequencesKt$filterNotNull$1
kotlinx.coroutines.flow.FlowKt__EmittersKt$onStart$$inlined$unsafeFlow$1
androidx.viewpager.R$id
kotlin.coroutines.cancellation.CancellationExceptionKt
kotlin.collections.ArraysKt___ArraysJvmKt$asList$8
androidx.annotation.RequiresOptIn
com.google.common.io.ByteArrayDataInput
kotlin.jvm.internal.SpreadBuilder
kotlin.UByte
kotlinx.coroutines.sync.MutexKt$withLock$1
kotlinx.coroutines.flow.internal.CombineKt$combineInternal$2$1
com.google.common.base.FinalizableSoftReference
kotlinx.coroutines.flow.FlowKt__LimitKt$takeWhile$$inlined$unsafeFlow$1$1
androidx.fragment.app.SuperNotCalledException
kotlin.annotation.Repeatable
com.google.common.collect.ForwardingSortedMap$StandardKeySet